TN:
SF:src/modules/users/UseCases/createUsers/CreateUserUseCase.ts
FN:7,(anonymous_17)
FN:8,CreateUserUseCase
FN:13,(anonymous_19)
FNF:3
FNH:3
FNDA:5,(anonymous_17)
FNDA:9,CreateUserUseCase
FNDA:8,(anonymous_19)
DA:3,5
DA:4,5
DA:7,5
DA:10,9
DA:13,8
DA:14,8
DA:16,8
DA:17,1
DA:20,7
DA:27,7
DA:29,5
DA:31,5
LF:12
LH:12
BRDA:14,0,0,8
BRDA:16,1,0,1
BRDA:16,1,1,7
BRF:3
BRH:3
end_of_record
TN:
SF:src/modules/users/UseCases/deleteUserByID/DeleteUserUseCase.ts
FN:4,(anonymous_13)
FN:5,DeleteUserUseCase
FN:8,(anonymous_15)
FNF:3
FNH:3
FNDA:1,(anonymous_13)
FNDA:2,DeleteUserUseCase
FNDA:2,(anonymous_15)
DA:2,1
DA:4,1
DA:6,2
DA:8,1
DA:9,2
DA:11,2
DA:12,1
DA:15,2
DA:17,1
DA:19,1
LF:10
LH:10
BRDA:9,0,0,2
BRDA:11,1,0,1
BRDA:11,1,1,1
BRF:3
BRH:3
end_of_record
TN:
SF:src/modules/users/UseCases/listUserByID/ListUserByIdUseCase.ts
FN:8,(anonymous_17)
FN:9,ListUserByIdUseCase
FN:14,(anonymous_19)
FNF:3
FNH:3
FNDA:2,(anonymous_17)
FNDA:4,ListUserByIdUseCase
FNDA:2,(anonymous_19)
DA:1,2
DA:5,2
DA:8,2
DA:11,4
DA:14,2
DA:15,2
DA:17,2
DA:18,1
DA:21,1
DA:23,2
DA:24,2
LF:11
LH:11
BRDA:15,0,0,2
BRDA:17,1,0,1
BRDA:17,1,1,1
BRF:3
BRH:3
end_of_record
TN:
SF:src/modules/users/UseCases/listUsers/ListUsersUseCase.ts
FN:7,(anonymous_17)
FN:8,ListUsersUseCase
FN:13,(anonymous_19)
FNF:3
FNH:3
FNDA:1,(anonymous_17)
FNDA:1,ListUsersUseCase
FNDA:1,(anonymous_19)
DA:4,1
DA:7,1
DA:10,1
DA:13,1
DA:14,1
DA:15,1
DA:17,1
DA:19,1
LF:8
LH:8
BRDA:14,0,0,1
BRF:1
BRH:1
end_of_record
TN:
SF:src/modules/users/UseCases/updateUsers/UpdateUserUseCase.ts
FN:14,(anonymous_17)
FN:15,UpdateUsersUseCase
FN:20,(anonymous_19)
FNF:3
FNH:3
FNDA:1,(anonymous_17)
FNDA:2,UpdateUsersUseCase
FNDA:2,(anonymous_19)
DA:2,1
DA:4,1
DA:14,1
DA:17,2
DA:20,2
DA:21,2
DA:23,2
DA:24,1
DA:27,1
DA:28,1
DA:30,1
DA:32,1
LF:12
LH:12
BRDA:21,0,0,2
BRDA:23,1,0,1
BRDA:23,1,1,1
BRF:3
BRH:3
end_of_record
